{"/Users/chandu/Desktop/ShadowHawk/server/src/config/database.ts": {"path":"/Users/chandu/Desktop/ShadowHawk/server/src/config/database.ts","statementMap":{"0":{"start":{"line":1,"column":0},"end":{"line":1,"column":32}},"1":{"start":{"line":2,"column":0},"end":{"line":2,"column":31}},"2":{"start":{"line":5,"column":28},"end":{"line":5,"column":66}},"3":{"start":{"line":8,"column":20},"end":{"line":8,"column":66}},"4":{"start":{"line":10,"column":31},"end":{"line":63,"column":1}},"5":{"start":{"line":11,"column":2},"end":{"line":62,"column":3}},"6":{"start":{"line":12,"column":4},"end":{"line":12,"column":55}},"7":{"start":{"line":15,"column":20},"end":{"line":19,"column":6}},"8":{"start":{"line":22,"column":4},"end":{"line":22,"column":49}},"9":{"start":{"line":25,"column":4},"end":{"line":25,"column":53}},"10":{"start":{"line":28,"column":4},"end":{"line":30,"column":7}},"11":{"start":{"line":29,"column":6},"end":{"line":29,"column":53}},"12":{"start":{"line":32,"column":4},"end":{"line":34,"column":7}},"13":{"start":{"line":33,"column":6},"end":{"line":33,"column":42}},"14":{"start":{"line":37,"column":29},"end":{"line":46,"column":5}},"15":{"start":{"line":38,"column":6},"end":{"line":45,"column":7}},"16":{"start":{"line":39,"column":8},"end":{"line":39,"column":42}},"17":{"start":{"line":40,"column":8},"end":{"line":40,"column":73}},"18":{"start":{"line":41,"column":8},"end":{"line":41,"column":24}},"19":{"start":{"line":43,"column":8},"end":{"line":43,"column":60}},"20":{"start":{"line":44,"column":8},"end":{"line":44,"column":24}},"21":{"start":{"line":48,"column":4},"end":{"line":48,"column":43}},"22":{"start":{"line":49,"column":4},"end":{"line":49,"column":44}},"23":{"start":{"line":51,"column":4},"end":{"line":51,"column":31}},"24":{"start":{"line":53,"column":4},"end":{"line":53,"column":53}},"25":{"start":{"line":54,"column":4},"end":{"line":60,"column":5}},"26":{"start":{"line":55,"column":6},"end":{"line":59,"column":9}},"27":{"start":{"line":61,"column":4},"end":{"line":61,"column":16}},"28":{"start":{"line":10,"column":13},"end":{"line":10,"column":31}}},"fnMap":{"0":{"name":"(anonymous_1)","decl":{"start":{"line":10,"column":31},"end":{"line":10,"column":36}},"loc":{"start":{"line":10,"column":42},"end":{"line":63,"column":1}}},"1":{"name":"(anonymous_2)","decl":{"start":{"line":28,"column":36},"end":{"line":28,"column":37}},"loc":{"start":{"line":28,"column":44},"end":{"line":30,"column":5}}},"2":{"name":"(anonymous_3)","decl":{"start":{"line":32,"column":43},"end":{"line":32,"column":46}},"loc":{"start":{"line":32,"column":48},"end":{"line":34,"column":5}}},"3":{"name":"(anonymous_4)","decl":{"start":{"line":37,"column":29},"end":{"line":37,"column":34}},"loc":{"start":{"line":37,"column":40},"end":{"line":46,"column":5}}}},"branchMap":{"0":{"loc":{"start":{"line":8,"column":20},"end":{"line":8,"column":66}},"type":"binary-expr","locations":[{"start":{"line":8,"column":20},"end":{"line":8,"column":43}},{"start":{"line":8,"column":47},"end":{"line":8,"column":66}}]},"1":{"loc":{"start":{"line":54,"column":4},"end":{"line":60,"column":5}},"type":"if","locations":[{"start":{"line":54,"column":4},"end":{"line":60,"column":5}}]}},"s":{"0":0,"1":0,"2":0,"3":0,"4":0,"5":0,"6":0,"7":0,"8":0,"9":0,"10":0,"11":0,"12":0,"13":0,"14":0,"15":0,"16":0,"17":0,"18":0,"19":0,"20":0,"21":0,"22":0,"23":0,"24":0,"25":0,"26":0,"27":0,"28":0},"f":{"0":0,"1":0,"2":0,"3":0},"b":{"0":[0,0],"1":[0]}}
,"/Users/chandu/Desktop/ShadowHawk/server/src/config/env.example.ts": {"path":"/Users/chandu/Desktop/ShadowHawk/server/src/config/env.example.ts","statementMap":{"0":{"start":{"line":1,"column":13},"end":{"line":38,"column":2}}},"fnMap":{},"branchMap":{"0":{"loc":{"start":{"line":3,"column":8},"end":{"line":3,"column":32}},"type":"binary-expr","locations":[{"start":{"line":3,"column":8},"end":{"line":3,"column":24}},{"start":{"line":3,"column":28},"end":{"line":3,"column":32}}]},"1":{"loc":{"start":{"line":4,"column":12},"end":{"line":4,"column":49}},"type":"binary-expr","locations":[{"start":{"line":4,"column":12},"end":{"line":4,"column":32}},{"start":{"line":4,"column":36},"end":{"line":4,"column":49}}]},"2":{"loc":{"start":{"line":7,"column":15},"end":{"line":7,"column":80}},"type":"binary-expr","locations":[{"start":{"line":7,"column":15},"end":{"line":7,"column":38}},{"start":{"line":7,"column":42},"end":{"line":7,"column":80}}]},"3":{"loc":{"start":{"line":8,"column":16},"end":{"line":8,"column":46}},"type":"binary-expr","locations":[{"start":{"line":8,"column":16},"end":{"line":8,"column":40}},{"start":{"line":8,"column":44},"end":{"line":8,"column":46}}]},"4":{"loc":{"start":{"line":9,"column":20},"end":{"line":9,"column":54}},"type":"binary-expr","locations":[{"start":{"line":9,"column":20},"end":{"line":9,"column":48}},{"start":{"line":9,"column":52},"end":{"line":9,"column":54}}]},"5":{"loc":{"start":{"line":12,"column":13},"end":{"line":12,"column":62}},"type":"binary-expr","locations":[{"start":{"line":12,"column":13},"end":{"line":12,"column":34}},{"start":{"line":12,"column":38},"end":{"line":12,"column":62}}]},"6":{"loc":{"start":{"line":13,"column":18},"end":{"line":13,"column":50}},"type":"binary-expr","locations":[{"start":{"line":13,"column":18},"end":{"line":13,"column":44}},{"start":{"line":13,"column":48},"end":{"line":13,"column":50}}]},"7":{"loc":{"start":{"line":16,"column":14},"end":{"line":16,"column":57}},"type":"binary-expr","locations":[{"start":{"line":16,"column":14},"end":{"line":16,"column":36}},{"start":{"line":16,"column":40},"end":{"line":16,"column":57}}]},"8":{"loc":{"start":{"line":17,"column":18},"end":{"line":17,"column":52}},"type":"binary-expr","locations":[{"start":{"line":17,"column":18},"end":{"line":17,"column":44}},{"start":{"line":17,"column":48},"end":{"line":17,"column":52}}]},"9":{"loc":{"start":{"line":20,"column":33},"end":{"line":20,"column":77}},"type":"binary-expr","locations":[{"start":{"line":20,"column":33},"end":{"line":20,"column":65}},{"start":{"line":20,"column":69},"end":{"line":20,"column":77}}]},"10":{"loc":{"start":{"line":21,"column":36},"end":{"line":21,"column":80}},"type":"binary-expr","locations":[{"start":{"line":21,"column":36},"end":{"line":21,"column":71}},{"start":{"line":21,"column":75},"end":{"line":21,"column":80}}]},"11":{"loc":{"start":{"line":22,"column":40},"end":{"line":22,"column":92}},"type":"binary-expr","locations":[{"start":{"line":22,"column":40},"end":{"line":22,"column":79}},{"start":{"line":22,"column":83},"end":{"line":22,"column":92}}]},"12":{"loc":{"start":{"line":23,"column":43},"end":{"line":23,"column":92}},"type":"binary-expr","locations":[{"start":{"line":23,"column":43},"end":{"line":23,"column":85}},{"start":{"line":23,"column":89},"end":{"line":23,"column":92}}]},"13":{"loc":{"start":{"line":26,"column":15},"end":{"line":26,"column":65}},"type":"binary-expr","locations":[{"start":{"line":26,"column":15},"end":{"line":26,"column":38}},{"start":{"line":26,"column":42},"end":{"line":26,"column":65}}]},"14":{"loc":{"start":{"line":31,"column":13},"end":{"line":31,"column":44}},"type":"binary-expr","locations":[{"start":{"line":31,"column":13},"end":{"line":31,"column":34}},{"start":{"line":31,"column":38},"end":{"line":31,"column":44}}]},"15":{"loc":{"start":{"line":32,"column":12},"end":{"line":32,"column":55}},"type":"binary-expr","locations":[{"start":{"line":32,"column":12},"end":{"line":32,"column":32}},{"start":{"line":32,"column":36},"end":{"line":32,"column":55}}]},"16":{"loc":{"start":{"line":33,"column":18},"end":{"line":33,"column":64}},"type":"binary-expr","locations":[{"start":{"line":33,"column":18},"end":{"line":33,"column":44}},{"start":{"line":33,"column":48},"end":{"line":33,"column":64}}]},"17":{"loc":{"start":{"line":37,"column":25},"end":{"line":37,"column":59}},"type":"binary-expr","locations":[{"start":{"line":37,"column":25},"end":{"line":37,"column":49}},{"start":{"line":37,"column":53},"end":{"line":37,"column":59}}]}},"s":{"0":0},"f":{},"b":{"0":[0,0],"1":[0,0],"2":[0,0],"3":[0,0],"4":[0,0],"5":[0,0],"6":[0,0],"7":[0,0],"8":[0,0],"9":[0,0],"10":[0,0],"11":[0,0],"12":[0,0],"13":[0,0],"14":[0,0],"15":[0,0],"16":[0,0],"17":[0,0]}}
,"/Users/chandu/Desktop/ShadowHawk/server/src/config/logging.ts": {"path":"/Users/chandu/Desktop/ShadowHawk/server/src/config/logging.ts","statementMap":{"0":{"start":{"line":1,"column":0},"end":{"line":1,"column":30}},"1":{"start":{"line":2,"column":0},"end":{"line":2,"column":28}},"2":{"start":{"line":4,"column":55},"end":{"line":4,"column":69}},"3":{"start":{"line":7,"column":18},"end":{"line":13,"column":2}},"4":{"start":{"line":8,"column":12},"end":{"line":8,"column":50}},"5":{"start":{"line":9,"column":2},"end":{"line":11,"column":3}},"6":{"start":{"line":10,"column":4},"end":{"line":10,"column":42}},"7":{"start":{"line":12,"column":2},"end":{"line":12,"column":13}},"8":{"start":{"line":16,"column":15},"end":{"line":49,"column":2}},"9":{"start":{"line":52,"column":13},"end":{"line":56,"column":2}},"10":{"start":{"line":54,"column":4},"end":{"line":54,"column":32}},"11":{"start":{"line":58,"column":0},"end":{"line":58,"column":22}}},"fnMap":{"0":{"name":"(anonymous_1)","decl":{"start":{"line":7,"column":25},"end":{"line":7,"column":26}},"loc":{"start":{"line":7,"column":72},"end":{"line":13,"column":1}}},"1":{"name":"(anonymous_2)","decl":{"start":{"line":53,"column":9},"end":{"line":53,"column":10}},"loc":{"start":{"line":53,"column":29},"end":{"line":55,"column":3}}}},"branchMap":{"0":{"loc":{"start":{"line":9,"column":2},"end":{"line":11,"column":3}},"type":"if","locations":[{"start":{"line":9,"column":2},"end":{"line":11,"column":3}}]}},"s":{"0":0,"1":0,"2":0,"3":0,"4":0,"5":0,"6":0,"7":0,"8":0,"9":0,"10":0,"11":0},"f":{"0":0,"1":0},"b":{"0":[0]}}
,"/Users/chandu/Desktop/ShadowHawk/server/src/config/prometheus.ts": {"path":"/Users/chandu/Desktop/ShadowHawk/server/src/config/prometheus.ts","statementMap":{"0":{"start":{"line":1,"column":0},"end":{"line":1,"column":37}},"1":{"start":{"line":4,"column":17},"end":{"line":4,"column":42}},"2":{"start":{"line":7,"column":0},"end":{"line":10,"column":3}},"3":{"start":{"line":13,"column":25},"end":{"line":18,"column":2}},"4":{"start":{"line":20,"column":20},"end":{"line":24,"column":2}},"5":{"start":{"line":26,"column":24},"end":{"line":31,"column":2}},"6":{"start":{"line":33,"column":13},"end":{"line":38,"column":2}}},"fnMap":{},"branchMap":{},"s":{"0":0,"1":0,"2":0,"3":0,"4":0,"5":0,"6":0},"f":{},"b":{}}
,"/Users/chandu/Desktop/ShadowHawk/server/src/config/validation.ts": {"path":"/Users/chandu/Desktop/ShadowHawk/server/src/config/validation.ts","statementMap":{"0":{"start":{"line":1,"column":0},"end":{"line":1,"column":24}},"1":{"start":{"line":2,"column":0},"end":{"line":2,"column":28}},"2":{"start":{"line":5,"column":18},"end":{"line":42,"column":2}},"3":{"start":{"line":45,"column":27},"end":{"line":56,"column":1}},"4":{"start":{"line":46,"column":2},"end":{"line":55,"column":3}},"5":{"start":{"line":47,"column":25},"end":{"line":47,"column":45}},"6":{"start":{"line":48,"column":4},"end":{"line":48,"column":24}},"7":{"start":{"line":50,"column":4},"end":{"line":53,"column":5}},"8":{"start":{"line":51,"column":6},"end":{"line":51,"column":70}},"9":{"start":{"line":52,"column":6},"end":{"line":52,"column":22}},"10":{"start":{"line":54,"column":4},"end":{"line":54,"column":16}},"11":{"start":{"line":45,"column":13},"end":{"line":45,"column":27}},"12":{"start":{"line":59,"column":13},"end":{"line":59,"column":42}}},"fnMap":{"0":{"name":"(anonymous_0)","decl":{"start":{"line":45,"column":27},"end":{"line":45,"column":30}},"loc":{"start":{"line":45,"column":32},"end":{"line":56,"column":1}}}},"branchMap":{"0":{"loc":{"start":{"line":50,"column":4},"end":{"line":53,"column":5}},"type":"if","locations":[{"start":{"line":50,"column":4},"end":{"line":53,"column":5}}]}},"s":{"0":0,"1":0,"2":0,"3":0,"4":0,"5":0,"6":0,"7":0,"8":0,"9":0,"10":0,"11":0,"12":0},"f":{"0":0},"b":{"0":[0]}}
,"/Users/chandu/Desktop/ShadowHawk/server/src/middleware/rateLimit.ts": {"path":"/Users/chandu/Desktop/ShadowHawk/server/src/middleware/rateLimit.ts","statementMap":{"0":{"start":{"line":2,"column":0},"end":{"line":2,"column":43}},"1":{"start":{"line":3,"column":0},"end":{"line":3,"column":42}},"2":{"start":{"line":4,"column":0},"end":{"line":4,"column":37}},"3":{"start":{"line":5,"column":0},"end":{"line":5,"column":39}},"4":{"start":{"line":8,"column":20},"end":{"line":19,"column":2}},"5":{"start":{"line":12,"column":6},"end":{"line":15,"column":7}},"6":{"start":{"line":13,"column":8},"end":{"line":13,"column":63}},"7":{"start":{"line":14,"column":8},"end":{"line":14,"column":52}},"8":{"start":{"line":16,"column":6},"end":{"line":16,"column":43}},"9":{"start":{"line":22,"column":0},"end":{"line":24,"column":3}},"10":{"start":{"line":23,"column":2},"end":{"line":23,"column":47}},"11":{"start":{"line":26,"column":0},"end":{"line":28,"column":3}},"12":{"start":{"line":27,"column":2},"end":{"line":27,"column":46}},"13":{"start":{"line":30,"column":0},"end":{"line":32,"column":3}},"14":{"start":{"line":31,"column":2},"end":{"line":31,"column":39}},"15":{"start":{"line":35,"column":0},"end":{"line":37,"column":3}},"16":{"start":{"line":36,"column":2},"end":{"line":36,"column":47}},"17":{"start":{"line":39,"column":33},"end":{"line":81,"column":1}},"18":{"start":{"line":41,"column":25},"end":{"line":57,"column":4}},"19":{"start":{"line":47,"column":42},"end":{"line":47,"column":71}},"20":{"start":{"line":51,"column":6},"end":{"line":51,"column":74}},"21":{"start":{"line":52,"column":6},"end":{"line":55,"column":9}},"22":{"start":{"line":60,"column":24},"end":{"line":76,"column":4}},"23":{"start":{"line":66,"column":42},"end":{"line":66,"column":71}},"24":{"start":{"line":70,"column":6},"end":{"line":70,"column":81}},"25":{"start":{"line":71,"column":6},"end":{"line":74,"column":9}},"26":{"start":{"line":79,"column":2},"end":{"line":79,"column":26}},"27":{"start":{"line":80,"column":2},"end":{"line":80,"column":40}},"28":{"start":{"line":39,"column":13},"end":{"line":39,"column":33}}},"fnMap":{"0":{"name":"(anonymous_1)","decl":{"start":{"line":11,"column":23},"end":{"line":11,"column":24}},"loc":{"start":{"line":11,"column":35},"end":{"line":17,"column":5}}},"1":{"name":"(anonymous_2)","decl":{"start":{"line":22,"column":24},"end":{"line":22,"column":25}},"loc":{"start":{"line":22,"column":32},"end":{"line":24,"column":1}}},"2":{"name":"(anonymous_3)","decl":{"start":{"line":26,"column":26},"end":{"line":26,"column":29}},"loc":{"start":{"line":26,"column":31},"end":{"line":28,"column":1}}},"3":{"name":"(anonymous_4)","decl":{"start":{"line":30,"column":31},"end":{"line":30,"column":34}},"loc":{"start":{"line":30,"column":36},"end":{"line":32,"column":1}}},"4":{"name":"(anonymous_5)","decl":{"start":{"line":35,"column":28},"end":{"line":35,"column":29}},"loc":{"start":{"line":35,"column":36},"end":{"line":37,"column":1}}},"5":{"name":"(anonymous_6)","decl":{"start":{"line":39,"column":33},"end":{"line":39,"column":34}},"loc":{"start":{"line":39,"column":50},"end":{"line":81,"column":1}}},"6":{"name":"(anonymous_7)","decl":{"start":{"line":47,"column":19},"end":{"line":47,"column":20}},"loc":{"start":{"line":47,"column":42},"end":{"line":47,"column":71}}},"7":{"name":"(anonymous_8)","decl":{"start":{"line":50,"column":13},"end":{"line":50,"column":14}},"loc":{"start":{"line":50,"column":26},"end":{"line":56,"column":5}}},"8":{"name":"(anonymous_9)","decl":{"start":{"line":66,"column":19},"end":{"line":66,"column":20}},"loc":{"start":{"line":66,"column":42},"end":{"line":66,"column":71}}},"9":{"name":"(anonymous_10)","decl":{"start":{"line":69,"column":13},"end":{"line":69,"column":14}},"loc":{"start":{"line":69,"column":26},"end":{"line":75,"column":5}}}},"branchMap":{"0":{"loc":{"start":{"line":9,"column":7},"end":{"line":9,"column":56}},"type":"binary-expr","locations":[{"start":{"line":9,"column":7},"end":{"line":9,"column":28}},{"start":{"line":9,"column":32},"end":{"line":9,"column":56}}]},"1":{"loc":{"start":{"line":12,"column":6},"end":{"line":15,"column":7}},"type":"if","locations":[{"start":{"line":12,"column":6},"end":{"line":15,"column":7}}]}},"s":{"0":0,"1":0,"2":0,"3":0,"4":0,"5":0,"6":0,"7":0,"8":0,"9":0,"10":0,"11":0,"12":0,"13":0,"14":0,"15":0,"16":0,"17":0,"18":0,"19":0,"20":0,"21":0,"22":0,"23":0,"24":0,"25":0,"26":0,"27":0,"28":0},"f":{"0":0,"1":0,"2":0,"3":0,"4":0,"5":0,"6":0,"7":0,"8":0,"9":0},"b":{"0":[0,0],"1":[0]}}
,"/Users/chandu/Desktop/ShadowHawk/server/src/models/Threat.ts": {"path":"/Users/chandu/Desktop/ShadowHawk/server/src/models/Threat.ts","statementMap":{"0":{"start":{"line":1,"column":0},"end":{"line":1,"column":53}},"1":{"start":{"line":20,"column":21},"end":{"line":47,"column":2}},"2":{"start":{"line":50,"column":15},"end":{"line":50,"column":110}},"3":{"start":{"line":51,"column":9},"end":{"line":51,"column":15}}},"fnMap":{},"branchMap":{"0":{"loc":{"start":{"line":50,"column":15},"end":{"line":50,"column":110}},"type":"binary-expr","locations":[{"start":{"line":50,"column":15},"end":{"line":50,"column":37}},{"start":{"line":50,"column":41},"end":{"line":50,"column":110}}]}},"s":{"0":0,"1":0,"2":0,"3":0},"f":{},"b":{"0":[0,0]}}
,"/Users/chandu/Desktop/ShadowHawk/server/src/models/User.ts": {"path":"/Users/chandu/Desktop/ShadowHawk/server/src/models/User.ts","statementMap":{"0":{"start":{"line":1,"column":0},"end":{"line":1,"column":53}},"1":{"start":{"line":2,"column":0},"end":{"line":2,"column":30}},"2":{"start":{"line":3,"column":0},"end":{"line":3,"column":31}},"3":{"start":{"line":26,"column":19},"end":{"line":56,"column":2}},"4":{"start":{"line":59,"column":0},"end":{"line":68,"column":3}},"5":{"start":{"line":60,"column":2},"end":{"line":60,"column":50}},"6":{"start":{"line":60,"column":36},"end":{"line":60,"column":50}},"7":{"start":{"line":61,"column":2},"end":{"line":67,"column":3}},"8":{"start":{"line":62,"column":17},"end":{"line":62,"column":41}},"9":{"start":{"line":63,"column":4},"end":{"line":63,"column":59}},"10":{"start":{"line":64,"column":4},"end":{"line":64,"column":11}},"11":{"start":{"line":66,"column":4},"end":{"line":66,"column":25}},"12":{"start":{"line":71,"column":0},"end":{"line":73,"column":2}},"13":{"start":{"line":72,"column":2},"end":{"line":72,"column":58}},"14":{"start":{"line":76,"column":0},"end":{"line":82,"column":2}},"15":{"start":{"line":77,"column":2},"end":{"line":81,"column":4}},"16":{"start":{"line":85,"column":13},"end":{"line":85,"column":98}},"17":{"start":{"line":86,"column":9},"end":{"line":86,"column":13}}},"fnMap":{"0":{"name":"(anonymous_1)","decl":{"start":{"line":59,"column":23},"end":{"line":59,"column":28}},"loc":{"start":{"line":59,"column":42},"end":{"line":68,"column":1}}},"1":{"name":"(anonymous_2)","decl":{"start":{"line":71,"column":37},"end":{"line":71,"column":42}},"loc":{"start":{"line":71,"column":77},"end":{"line":73,"column":1}}},"2":{"name":"(anonymous_3)","decl":{"start":{"line":76,"column":35},"end":{"line":76,"column":null}},"loc":{"start":{"line":76,"column":35},"end":{"line":82,"column":1}}}},"branchMap":{"0":{"loc":{"start":{"line":60,"column":2},"end":{"line":60,"column":50}},"type":"if","locations":[{"start":{"line":60,"column":2},"end":{"line":60,"column":50}}]},"1":{"loc":{"start":{"line":79,"column":4},"end":{"line":79,"column":47}},"type":"binary-expr","locations":[{"start":{"line":79,"column":4},"end":{"line":79,"column":26}},{"start":{"line":79,"column":30},"end":{"line":79,"column":47}}]},"2":{"loc":{"start":{"line":85,"column":13},"end":{"line":85,"column":98}},"type":"binary-expr","locations":[{"start":{"line":85,"column":13},"end":{"line":85,"column":33}},{"start":{"line":85,"column":37},"end":{"line":85,"column":98}}]}},"s":{"0":0,"1":0,"2":0,"3":0,"4":0,"5":0,"6":0,"7":0,"8":0,"9":0,"10":0,"11":0,"12":0,"13":0,"14":0,"15":0,"16":0,"17":0},"f":{"0":0,"1":0,"2":0},"b":{"0":[0],"1":[0,0],"2":[0,0]}}
}
